<?xml version="1.0" encoding="UTF-8"?>
<testng-results ignored="0" total="1" passed="1" failed="0" skipped="0">
  <reporter-output>
  </reporter-output>
  <suite started-at="2024-05-27T15:27:34 IST" name="Default suite" finished-at="2024-05-27T15:27:41 IST" duration-ms="7502">
    <groups>
    </groups>
    <test started-at="2024-05-27T15:27:34 IST" name="Default test" finished-at="2024-05-27T15:27:41 IST" duration-ms="7502">
      <class name="com.LoginPage.VerifyName">
        <test-method signature="verifyNameRequriedOrNot()[pri:0, instance:com.LoginPage.VerifyName@18df8434]" started-at="2024-05-27T15:27:34 IST" name="verifyNameRequriedOrNot" finished-at="2024-05-27T15:27:41 IST" duration-ms="7468" status="PASS">
          <reporter-output>
          </reporter-output>
        </test-method> <!-- verifyNameRequriedOrNot -->
      </class> <!-- com.LoginPage.VerifyName -->
    </test> <!-- Default test -->
  </suite> <!-- Default suite -->
</testng-results>
